0 info it worked if it ends with ok
1 verbose cli [ '/usr/local/bin/node', '/usr/local/bin/npm', 'run', 'test' ]
2 info using npm@3.3.6
3 info using node@v5.0.0
4 verbose run-script [ 'pretest', 'test', 'posttest' ]
5 info lifecycle backend@1.0.0~pretest: backend@1.0.0
6 silly lifecycle backend@1.0.0~pretest: no script for pretest, continuing
7 info lifecycle backend@1.0.0~test: backend@1.0.0
8 verbose lifecycle backend@1.0.0~test: unsafe-perm in lifecycle true
9 verbose lifecycle backend@1.0.0~test: PATH: /usr/local/lib/node_modules/npm/bin/node-gyp-bin:/Users/Angamanga/Dev/vt2016/iViz/backend/node_modules/.bin:/Users/Angamanga/.rvm/gems/ruby-2.3.0/bin:/Users/Angamanga/.rvm/gems/ruby-2.3.0@global/bin:/Users/Angamanga/.rvm/rubies/ruby-2.3.0/bin:/usr/bin:/bin:/usr/sbin:/sbin:/usr/local/bin:/opt/X11/bin:/usr/local/git/bin:/Users/Angamanga/.rvm/bin
10 verbose lifecycle backend@1.0.0~test: CWD: /Users/Angamanga/Dev/vt2016/iViz/backend
11 silly lifecycle backend@1.0.0~test: Args: [ '-c', 'mocha \'test/**/*_test.js\'' ]
12 silly lifecycle backend@1.0.0~test: Returned: code: 3  signal: null
13 info lifecycle backend@1.0.0~test: Failed to exec test script
14 verbose stack Error: backend@1.0.0 test: `mocha 'test/**/*_test.js'`
14 verbose stack Exit status 3
14 verbose stack     at EventEmitter.<anonymous> (/usr/local/lib/node_modules/npm/lib/utils/lifecycle.js:233:16)
14 verbose stack     at emitTwo (events.js:87:13)
14 verbose stack     at EventEmitter.emit (events.js:172:7)
14 verbose stack     at ChildProcess.<anonymous> (/usr/local/lib/node_modules/npm/lib/utils/spawn.js:24:14)
14 verbose stack     at emitTwo (events.js:87:13)
14 verbose stack     at ChildProcess.emit (events.js:172:7)
14 verbose stack     at maybeClose (internal/child_process.js:818:16)
14 verbose stack     at Process.ChildProcess._handle.onexit (internal/child_process.js:211:5)
15 verbose pkgid backend@1.0.0
16 verbose cwd /Users/Angamanga/Dev/vt2016/iViz/backend/app
17 error Darwin 15.2.0
18 error argv "/usr/local/bin/node" "/usr/local/bin/npm" "run" "test"
19 error node v5.0.0
20 error npm  v3.3.6
21 error code ELIFECYCLE
22 error backend@1.0.0 test: `mocha 'test/**/*_test.js'`
22 error Exit status 3
23 error Failed at the backend@1.0.0 test script 'mocha 'test/**/*_test.js''.
23 error This is most likely a problem with the backend package,
23 error not with npm itself.
23 error Tell the author that this fails on your system:
23 error     mocha 'test/**/*_test.js'
23 error You can get their info via:
23 error     npm owner ls backend
23 error There is likely additional logging output above.
24 verbose exit [ 1, true ]
